<?xml version="1.0" encoding="UTF-8"?>
<!-- Generated by org.testng.reporters.JUnitReportReporter -->
<testsuite hostname="DESKTOP-5T3RHQG" failures="0" tests="1" name="com.flipkart.Testcases.Veerifyingtittle" time="20.367" errors="0" timestamp="2021-04-02T17:31:51 IST" skipped="0">
  <testcase classname="com.flipkart.Testcases.Veerifyingtittle" name="Login" time="20.367"/>
  <system-out/>
</testsuite> <!-- com.flipkart.Testcases.Veerifyingtittle -->
