<?xml version="1.0" encoding="UTF-8"?>
<!-- Generated by org.testng.reporters.JUnitReportReporter -->
<testsuite hostname="DESKTOP-5T3RHQG" failures="0" tests="1" name="com.flipkart.Testcases.InvalidCredentialsforlivechat" time="24.621" errors="0" timestamp="2021-04-02T15:50:53 IST" skipped="0">
  <testcase classname="com.flipkart.Testcases.InvalidCredentialsforlivechat" name="Login" time="24.621"/>
  <system-out/>
</testsuite> <!-- com.flipkart.Testcases.InvalidCredentialsforlivechat -->
