<?xml version="1.0" encoding="UTF-8"?>
<!-- Generated by org.testng.reporters.JUnitReportReporter -->
<testsuite hostname="DESKTOP-5T3RHQG" failures="0" tests="1" name="Test.NewTest" time="5.565" errors="0" timestamp="2021-04-01T09:39:38 IST" skipped="0">
  <testcase classname="Test.NewTest" name="openMyBlog" time="5.565"/>
  <system-out/>
</testsuite> <!-- Test.NewTest -->
